0 info it worked if it ends with ok
1 verbose cli [ 'node', '/usr/local/bin/npm', 'install' ]
2 info using npm@1.4.28
3 info using node@v0.10.32
4 verbose readDependencies using package.json deps
5 verbose install where, deps [ '/Users/Menino/localhost/Shop',
5 verbose install   [ 'growl',
5 verbose install     'grunt',
5 verbose install     'grunt-bower-concat',
5 verbose install     'grunt-contrib-compass',
5 verbose install     'grunt-contrib-concat',
5 verbose install     'grunt-contrib-copy',
5 verbose install     'grunt-contrib-jshint',
5 verbose install     'grunt-contrib-sass',
5 verbose install     'grunt-contrib-uglify',
5 verbose install     'grunt-contrib-watch',
5 verbose install     'grunt-modernizr',
5 verbose install     'grunt-shopify' ] ]
6 info preinstall shopify-starter@0.0.0
7 verbose readDependencies using package.json deps
8 verbose already installed skipping grunt-bower-concat@^0.2.4 /Users/Menino/localhost/Shop
9 verbose already installed skipping grunt-contrib-compass@^0.7.2 /Users/Menino/localhost/Shop
10 verbose already installed skipping grunt-contrib-concat@^0.4.0 /Users/Menino/localhost/Shop
11 verbose already installed skipping grunt-contrib-copy@^0.5.0 /Users/Menino/localhost/Shop
12 verbose already installed skipping grunt-contrib-jshint@^0.10.0 /Users/Menino/localhost/Shop
13 verbose already installed skipping grunt-contrib-sass@^0.7.3 /Users/Menino/localhost/Shop
14 verbose already installed skipping grunt-contrib-uglify@^0.4.0 /Users/Menino/localhost/Shop
15 verbose already installed skipping grunt-contrib-watch@^0.6.1 /Users/Menino/localhost/Shop
16 verbose already installed skipping grunt-modernizr@^0.5.2 /Users/Menino/localhost/Shop
17 verbose already installed skipping grunt-shopify@^0.5.0 /Users/Menino/localhost/Shop
18 verbose already installed skipping growl@^1.7.0 /Users/Menino/localhost/Shop
19 verbose already installed skipping grunt@^0.4.4 /Users/Menino/localhost/Shop
20 silly resolved []
21 info build /Users/Menino/localhost/Shop
22 verbose linkStuff [ false, false, false, '/Users/Menino/localhost' ]
23 info linkStuff shopify-starter@0.0.0
24 verbose linkBins shopify-starter@0.0.0
25 verbose linkMans shopify-starter@0.0.0
26 verbose rebuildBundles shopify-starter@0.0.0
27 verbose rebuildBundles [ '.bin',
27 verbose rebuildBundles   'growl',
27 verbose rebuildBundles   'grunt',
27 verbose rebuildBundles   'grunt-bower-concat',
27 verbose rebuildBundles   'grunt-contrib-compass',
27 verbose rebuildBundles   'grunt-contrib-concat',
27 verbose rebuildBundles   'grunt-contrib-copy',
27 verbose rebuildBundles   'grunt-contrib-jshint',
27 verbose rebuildBundles   'grunt-contrib-sass',
27 verbose rebuildBundles   'grunt-contrib-uglify',
27 verbose rebuildBundles   'grunt-contrib-watch',
27 verbose rebuildBundles   'grunt-modernizr',
27 verbose rebuildBundles   'grunt-shopify' ]
28 info install shopify-starter@0.0.0
29 info postinstall shopify-starter@0.0.0
30 info prepublish shopify-starter@0.0.0
31 error peerinvalid The package growl does not satisfy its siblings' peerDependencies requirements!
31 error peerinvalid Peer grunt-shopify@0.5.3 wants growl@~1.7
32 error System Darwin 14.1.0
33 error command "node" "/usr/local/bin/npm" "install"
34 error cwd /Users/Menino/localhost/Shop
35 error node -v v0.10.32
36 error npm -v 1.4.28
37 error code EPEERINVALID
38 verbose exit [ 1, true ]
